<?xml version="1.0" encoding="UTF-8"?>
<testng-results ignored="0" total="2" passed="2" failed="0" skipped="0">
  <reporter-output>
  </reporter-output>
  <suite started-at="2022-04-26T05:18:17Z" name="Default suite" finished-at="2022-04-26T05:18:17Z" duration-ms="84">
    <groups>
    </groups>
    <test started-at="2022-04-26T05:18:17Z" name="Default test" finished-at="2022-04-26T05:18:17Z" duration-ms="84">
      <class name="Tests_cases.Test_1">
        <test-method signature="Logo_show()[pri:0, instance:Tests_cases.Test_1@12958360]" started-at="2022-04-26T05:18:17Z" name="Logo_show" finished-at="2022-04-26T05:18:17Z" duration-ms="57" status="PASS">
          <reporter-output>
          </reporter-output>
        </test-method> <!-- Logo_show -->
        <test-method signature="login()[pri:0, instance:Tests_cases.Test_1@12958360]" started-at="2022-04-26T05:18:17Z" name="login" finished-at="2022-04-26T05:18:17Z" duration-ms="6" status="PASS">
          <reporter-output>
          </reporter-output>
        </test-method> <!-- login -->
      </class> <!-- Tests_cases.Test_1 -->
    </test> <!-- Default test -->
  </suite> <!-- Default suite -->
</testng-results>
